/home/cristina/.conda/envs/ntp/lib/python3.6/site-packages/tensorflow/python/framework/dtypes.py:458: FutureWarning: Passing (type, 1) or '1type' as a synonym of type is deprecated; in a future version of numpy, it will be understood as (type, (1,)) / '(1,)type'.
  _np_qint8 = np.dtype([("qint8", np.int8, 1)])
/home/cristina/.conda/envs/ntp/lib/python3.6/site-packages/tensorflow/python/framework/dtypes.py:459: FutureWarning: Passing (type, 1) or '1type' as a synonym of type is deprecated; in a future version of numpy, it will be understood as (type, (1,)) / '(1,)type'.
  _np_quint8 = np.dtype([("quint8", np.uint8, 1)])
/home/cristina/.conda/envs/ntp/lib/python3.6/site-packages/tensorflow/python/framework/dtypes.py:460: FutureWarning: Passing (type, 1) or '1type' as a synonym of type is deprecated; in a future version of numpy, it will be understood as (type, (1,)) / '(1,)type'.
  _np_qint16 = np.dtype([("qint16", np.int16, 1)])
/home/cristina/.conda/envs/ntp/lib/python3.6/site-packages/tensorflow/python/framework/dtypes.py:461: FutureWarning: Passing (type, 1) or '1type' as a synonym of type is deprecated; in a future version of numpy, it will be understood as (type, (1,)) / '(1,)type'.
  _np_quint16 = np.dtype([("quint16", np.uint16, 1)])
/home/cristina/.conda/envs/ntp/lib/python3.6/site-packages/tensorflow/python/framework/dtypes.py:462: FutureWarning: Passing (type, 1) or '1type' as a synonym of type is deprecated; in a future version of numpy, it will be understood as (type, (1,)) / '(1,)type'.
  _np_qint32 = np.dtype([("qint32", np.int32, 1)])
/home/cristina/.conda/envs/ntp/lib/python3.6/site-packages/tensorflow/python/framework/dtypes.py:465: FutureWarning: Passing (type, 1) or '1type' as a synonym of type is deprecated; in a future version of numpy, it will be understood as (type, (1,)) / '(1,)type'.
  np_resource = np.dtype([("resource", np.ubyte, 1)])
WARNING:tensorflow:tf.op_scope(values, name, default_name) is deprecated, use tf.name_scope(name, default_name, values)
WARNING:tensorflow:tf.op_scope(values, name, default_name) is deprecated, use tf.name_scope(name, default_name, values)
Traceback (most recent call last):
  File "./../systems/ntp/ntp/experiments/learn.py", line 268, in <module>
    train_0ntp=TRAIN_0NTP, max_depth=MAX_DEPTH)
  File "/home/cristina/RuDaS/experiments/systems/ntp/ntp/prover.py", line 540, in prove
    k_max=k_max, train_0ntp=train_0ntp, max_depth=max_depth)
  File "/home/cristina/RuDaS/experiments/systems/ntp/ntp/prover.py", line 448, in or_
    trace, nunify, k_max=k_max, max_depth=max_depth)
  File "/home/cristina/RuDaS/experiments/systems/ntp/ntp/prover.py", line 503, in and_
    k_max=k_max, max_depth=max_depth):
  File "/home/cristina/RuDaS/experiments/systems/ntp/ntp/prover.py", line 417, in or_
    inner_tiling=inner_tiling)
  File "/home/cristina/RuDaS/experiments/systems/ntp/ntp/prover.py", line 215, in unify
    depth, mask_id, transpose, nunify, inner_tiling)
  File "/home/cristina/RuDaS/experiments/systems/ntp/ntp/prover.py", line 218, in unify
    nunify, inner_tiling)
  File "/home/cristina/RuDaS/experiments/systems/ntp/ntp/prover.py", line 168, in batch_unify
    assert success_dim1 % mask_dim1 == 0
AssertionError
